INFO : 2021-05-11 11:00:47,857: username successfully created Vishal
INFO : 2021-05-11 11:00:51,178: password successfully created for Vishal
INFO : 2021-05-11 11:00:56,400: Email id successfully created for Vishal
INFO : 2021-05-11 11:12:07,022: username successfully created 
INFO : 2021-05-11 11:12:12,825: password successfully created for 
INFO : 2021-05-11 11:12:15,554: Email id successfully created for 
INFO : 2021-05-11 11:12:45,918: username successfully created 
INFO : 2021-05-11 11:12:46,430: password successfully created for 
INFO : 2021-05-11 11:12:46,839: Email id successfully created for 
INFO : 2021-05-11 11:16:37,028: username successfully created Vishal
INFO : 2021-05-11 11:16:40,641: password successfully created for Vishal
INFO : 2021-05-11 11:16:46,844: Email id successfully created for Vishal
INFO : 2021-05-12 12:23:07,112: username successfully created 
INFO : 2021-05-12 12:23:09,159: password successfully created
INFO : 2021-05-12 12:23:10,042: Email id successfully created for 
INFO : 2021-05-12 12:26:58,477: username successfully created 
INFO : 2021-05-12 12:26:59,326: password successfully created
INFO : 2021-05-12 12:26:59,721: Email id successfully created for 
INFO : 2021-05-12 12:29:09,646: username successfully created 
INFO : 2021-05-12 12:29:10,255: password successfully created
INFO : 2021-05-12 12:29:10,709: Email id successfully created for 
INFO :v: 2021-05-12 12:30:02,215: username successfully created 
INFO :v: 2021-05-12 12:30:02,732: password successfully created
INFO :v: 2021-05-12 12:30:03,143: Email id successfully created for 
